<?xml version="1.0" encoding="UTF-8"?>
<testsuite name="com.hoscat.mtj.dev.ContractTest" tests="4" skipped="0" failures="0" errors="0" timestamp="2026-09-11T00:15:19" hostname="ThomasucBookPro" time="0.025">
  <properties/>
  <testcase name="invalidDateIsNotNormalized" classname="com.hoscat.mtj.dev.ContractTest" time="0.0"/>
  <testcase name="unknownTimeRemainsUnknown" classname="com.hoscat.mtj.dev.ContractTest" time="0.0"/>
  <testcase name="commonRecordRoundTrip" classname="com.hoscat.mtj.dev.ContractTest" time="0.023"/>
  <testcase name="duplicateJsonKeysAreRejected" classname="com.hoscat.mtj.dev.ContractTest" time="0.001"/>
  <system-out><![CDATA[]]></system-out>
  <system-err><![CDATA[]]></system-err>
</testsuite>
