<?xml version="1.0" encoding="UTF-8"?>
<testsuite name="com.hoscat.mtj.dev.TarotSpreadOverviewPolicyTest" tests="12" skipped="0" failures="0" errors="0" timestamp="2026-09-11T00:15:20" hostname="ThomasucBookPro" time="0.011">
  <properties/>
  <testcase name="singleCardGeometryWidthIsCappedOnlyWhenOversized" classname="com.hoscat.mtj.dev.TarotSpreadOverviewPolicyTest" time="0.0"/>
  <testcase name="combinesSlotAndDirectionRotations" classname="com.hoscat.mtj.dev.TarotSpreadOverviewPolicyTest" time="0.0"/>
  <testcase name="readableLabelWidthBoundaryIsInclusive" classname="com.hoscat.mtj.dev.TarotSpreadOverviewPolicyTest" time="0.003"/>
  <testcase name="ordinarySizeReadableWidthKeepsMiniAndFullCelticSpatial" classname="com.hoscat.mtj.dev.TarotSpreadOverviewPolicyTest" time="0.004"/>
  <testcase name="acceptsReadableBoundedGeometryWithAttachedNumberedLabels" classname="com.hoscat.mtj.dev.TarotSpreadOverviewPolicyTest" time="0.001"/>
  <testcase name="squareReserveContainsTheCardAtEveryWholeDegree" classname="com.hoscat.mtj.dev.TarotSpreadOverviewPolicyTest" time="0.0"/>
  <testcase name="largeFontReadableWidthKeepsMiniSpatialAndFallsBackForClassicAt360" classname="com.hoscat.mtj.dev.TarotSpreadOverviewPolicyTest" time="0.002"/>
  <testcase name="fallsBackForUnsupportedTinyOrOversizedGeometry" classname="com.hoscat.mtj.dev.TarotSpreadOverviewPolicyTest" time="0.0"/>
  <testcase name="acceptsOnlyTheExplicitCelticCenterPairAllowance" classname="com.hoscat.mtj.dev.TarotSpreadOverviewPolicyTest" time="0.001"/>
  <testcase name="multiCardGeometryKeepsFullAvailableWidth" classname="com.hoscat.mtj.dev.TarotSpreadOverviewPolicyTest" time="0.0"/>
  <testcase name="fallsBackWhenALabelIsDetachedOverlappingOrTheContractIsAmbiguous" classname="com.hoscat.mtj.dev.TarotSpreadOverviewPolicyTest" time="0.0"/>
  <testcase name="invalidReadableLabelWidthsFallBack" classname="com.hoscat.mtj.dev.TarotSpreadOverviewPolicyTest" time="0.0"/>
  <system-out><![CDATA[]]></system-out>
  <system-err><![CDATA[]]></system-err>
</testsuite>
