<?xml version="1.0" encoding="UTF-8"?>
<testsuite name="com.hoscat.mtj.dev.RecordAdmissionTest" tests="6" skipped="0" failures="0" errors="0" timestamp="2026-09-11T00:15:19" hostname="ThomasucBookPro" time="0.006">
  <properties/>
  <testcase name="retriesDoNotCreateDuplicates" classname="com.hoscat.mtj.dev.RecordAdmissionTest" time="0.002"/>
  <testcase name="changedRecordDoesNotOverwrite" classname="com.hoscat.mtj.dev.RecordAdmissionTest" time="0.0"/>
  <testcase name="missingProfileRejectsWholeBatch" classname="com.hoscat.mtj.dev.RecordAdmissionTest" time="0.0"/>
  <testcase name="profileAndChartAdmittedTogether" classname="com.hoscat.mtj.dev.RecordAdmissionTest" time="0.002"/>
  <testcase name="repeatedBatchOnlyAdmitsOneCopy" classname="com.hoscat.mtj.dev.RecordAdmissionTest" time="0.0"/>
  <testcase name="sourceIdentityDoesNotCollide" classname="com.hoscat.mtj.dev.RecordAdmissionTest" time="0.0"/>
  <system-out><![CDATA[]]></system-out>
  <system-err><![CDATA[]]></system-err>
</testsuite>
