<?xml version="1.0" encoding="UTF-8"?>
<testsuite name="com.hoscat.mtj.dev.TarotRecreationStateTest" tests="11" skipped="0" failures="0" errors="0" timestamp="2026-09-11T00:15:19" hostname="ThomasucBookPro" time="0.317">
  <properties/>
  <testcase name="incompleteSelectionCannotBecomeAResult" classname="com.hoscat.mtj.dev.TarotRecreationStateTest" time="0.043"/>
  <testcase name="savedPayloadHasStrictBoundsAndNoCatalogOrResultText" classname="com.hoscat.mtj.dev.TarotRecreationStateTest" time="0.026"/>
  <testcase name="draftWithoutSpreadAndEverySelectableSpreadRoundTrip" classname="com.hoscat.mtj.dev.TarotRecreationStateTest" time="0.001"/>
  <testcase name="completedResultAndRecordIdentityRemainByteIdentical" classname="com.hoscat.mtj.dev.TarotRecreationStateTest" time="0.05"/>
  <testcase name="reshuffleCanPreserveSelectionWhileNewReadingStartsEmpty" classname="com.hoscat.mtj.dev.TarotRecreationStateTest" time="0.004"/>
  <testcase name="validLookingButInconsistentStateDoesNotReroll" classname="com.hoscat.mtj.dev.TarotRecreationStateTest" time="0.048"/>
  <testcase name="backFromResultReopensTheSameDeckAndSelection" classname="com.hoscat.mtj.dev.TarotRecreationStateTest" time="0.004"/>
  <testcase name="recreationBeforeLockDoesNotChangeDirectionsForEitherReversedSetting" classname="com.hoscat.mtj.dev.TarotRecreationStateTest" time="0.016"/>
  <testcase name="malformedPrimitiveStateFailsClosedAndFailureSurvivesAnotherRecreation" classname="com.hoscat.mtj.dev.TarotRecreationStateTest" time="0.002"/>
  <testcase name="partialSelectionOrderAndWholeDeckSurviveRepeatedRecreation" classname="com.hoscat.mtj.dev.TarotRecreationStateTest" time="0.018"/>
  <testcase name="everyNormalSpreadRestoresAFullSelectionAndResult" classname="com.hoscat.mtj.dev.TarotRecreationStateTest" time="0.103"/>
  <system-out><![CDATA[]]></system-out>
  <system-err><![CDATA[]]></system-err>
</testsuite>
