<?xml version="1.0" encoding="UTF-8"?>
<testsuite name="com.hoscat.mtj.dev.TarotDetailDirectionPolicyTest" tests="2" skipped="0" failures="0" errors="0" timestamp="2026-09-11T00:15:19" hostname="ThomasucBookPro" time="0.001">
  <properties/>
  <testcase name="mapsOnlyTheReversedSnapshotDirectionToHalfTurn" classname="com.hoscat.mtj.dev.TarotDetailDirectionPolicyTest" time="0.0"/>
  <testcase name="overviewStillCombinesSlotRotationWhileDetailUsesDirectionOnly" classname="com.hoscat.mtj.dev.TarotDetailDirectionPolicyTest" time="0.001"/>
  <system-out><![CDATA[]]></system-out>
  <system-err><![CDATA[]]></system-err>
</testsuite>
