<?xml version="1.0" encoding="UTF-8"?>
<testsuite name="com.hoscat.mtj.dev.SettingsScreenTest" tests="3" skipped="0" failures="0" errors="0" timestamp="2026-09-11T00:15:19" hostname="ThomasucBookPro" time="0.002">
  <properties/>
  <testcase name="settingsGroupsMatchDesignContractOrder" classname="com.hoscat.mtj.dev.SettingsScreenTest" time="0.001"/>
  <testcase name="settingsDoNotExposeRejectedCandidateSources" classname="com.hoscat.mtj.dev.SettingsScreenTest" time="0.001"/>
  <testcase name="settingsRowsMatchAccessibilityContractOrder" classname="com.hoscat.mtj.dev.SettingsScreenTest" time="0.0"/>
  <system-out><![CDATA[]]></system-out>
  <system-err><![CDATA[]]></system-err>
</testsuite>
