<?xml version="1.0" encoding="UTF-8"?>
<testsuite name="com.hoscat.mtj.dev.TarotUiFlowContractTest" tests="3" skipped="0" failures="0" errors="0" timestamp="2026-09-11T00:15:20" hostname="ThomasucBookPro" time="0.009">
  <properties/>
  <testcase name="emptyQuestionCannotBecomeAQuickDefaultReading" classname="com.hoscat.mtj.dev.TarotUiFlowContractTest" time="0.0"/>
  <testcase name="oneCardSpreadUsesTheSameExplicitSelectionFlow" classname="com.hoscat.mtj.dev.TarotUiFlowContractTest" time="0.004"/>
  <testcase name="spreadPositionIdentityFollowsSelectedIdOrder" classname="com.hoscat.mtj.dev.TarotUiFlowContractTest" time="0.005"/>
  <system-out><![CDATA[]]></system-out>
  <system-err><![CDATA[]]></system-err>
</testsuite>
